Estado 131 conflictos: 1 desplazamiento/reducción


Gramática

    0 $accept: programa $end

    1 $@1: %empty

    2 programa: $@1 PRINCIPAL bloque

    3 $@2: %empty

    4 $@3: %empty

    5 $@4: %empty

    6 bloque: INI_BLOQUE $@2 $@3 interiorBloque FIN_BLOQUE $@4

    7 interiorBloque: dec_var_loc dec_subprogs
    8               | dec_var_loc dec_subprogs sentencias

    9 dec_subprogs: dec_subprogs dec_subprog
   10             | %empty

   11 $@5: %empty

   12 dec_subprog: cabe_subprog $@5 bloque

   13 $@6: %empty

   14 cabe_subprog: TIPO_BASICO identificador $@6 INI_EXPR cabe2

   15 $@7: %empty

   16 cabe2: lista_parametros FIN_EXPR $@7
   17      | FIN_EXPR

   18 $@8: %empty

   19 $@9: %empty

   20 dec_var_loc: $@8 INI_VAR $@9 var_loc FIN_VAR
   21            | %empty

   22 var_loc: var_loc cuerpo_dec_var
   23        | cuerpo_dec_var

   24 $@10: %empty

   25 $@11: %empty

   26 cuerpo_dec_var: TIPO_BASICO $@10 $@11 lista_identificador PTCOMA
   27               | error

   28 $@12: %empty

   29 sentencias: sentencias $@12 sentencia

   30 $@13: %empty

   31 sentencias: $@13 sentencia

   32 sentencia: bloque
   33          | sentencia_asig
   34          | sentencia_if
   35          | sentencia_do_until
   36          | sentencia_entrada
   37          | sentencia_salida
   38          | sentencia_return
   39          | error

   40 $@14: %empty

   41 sentencia_asig: array_ident ASIG expresion PTCOMA $@14

   42 sentencia_if: SI INI_EXPR expresion FIN_EXPR sentencia
   43             | SI INI_EXPR expresion FIN_EXPR sentencia SI_NO sentencia

   44 sentencia_do_until: HACER bloque HASTA INI_EXPR expresion FIN_EXPR

   45 $@15: %empty

   46 sentencia_entrada: ENTRADA $@15 lista_identificador PTCOMA

   47 $@16: %empty

   48 $@17: %empty

   49 sentencia_salida: SALIDA $@16 lista_expr PTCOMA $@17
   50                 | SALIDA CADENA2 PTCOMA

   51 @18: %empty

   52 sentencia_return: RETORNO expresion @18 PTCOMA

   53 expresion: INI_EXPR expresion FIN_EXPR
   54          | array_ident
   55          | SUMARESTA expresion
   56          | OPUNARIO expresion
   57          | expresion OR expresion
   58          | expresion AND expresion
   59          | expresion XOR expresion
   60          | expresion OPIGUAL expresion
   61          | expresion SUMARESTA expresion
   62          | expresion OPREL expresion
   63          | expresion OPMUL expresion
   64          | funcion
   65          | constante
   66          | error

   67 constante: CTE_ENTERA
   68          | const_matriz
   69          | CTE_LOGICA
   70          | CTE_REAL
   71          | CTE_CARACTER

   72 funcion: identificador INI_EXPR lista_expr FIN_EXPR
   73        | identificador INI_EXPR FIN_EXPR

   74 const_matriz: INI_BLOQUE lista_expr FIN_BLOQUE

   75 lista_identificador: lista_identificador COMA ident_array
   76                    | ident_array

   77 ident_array: identificador
   78            | identificador INI_TAM num FIN_TAM
   79            | identificador INI_TAM num FIN_TAM INI_TAM num FIN_TAM
   80            | error

   81 array_ident: identificador
   82            | identificador INI_TAM lista_expr FIN_TAM
   83            | identificador INI_TAM lista_expr FIN_TAM INI_TAM lista_expr FIN_TAM

   84 lista_parametros: lista_parametros COMA TIPO_BASICO ident_array
   85                 | TIPO_BASICO ident_array
   86                 | lista_parametros error TIPO_BASICO ident_array

   87 identificador: CADENA

   88 num: CTE_ENTERA

   89 $@19: %empty

   90 lista_expr: lista_expr COMA expresion $@19

   91 $@20: %empty

   92 lista_expr: expresion $@20


Terminales con las reglas donde aparecen

$end (0) 0
error (256) 27 39 66 80 86
PRINCIPAL (258) 2
INI_BLOQUE (259) 6 74
FIN_BLOQUE (260) 6 74
INI_VAR (261) 20
FIN_VAR (262) 20
INI_EXPR (263) 14 42 43 44 53 72 73
FIN_EXPR (264) 16 17 42 43 44 53 72 73
INI_TAM (265) 78 79 82 83
FIN_TAM (266) 78 79 82 83
PTCOMA (267) 26 41 46 49 50 52
COMA (268) 75 84 90
TIPO_BASICO (269) 14 26 84 85 86
CADENA (270) 87
CTE_CARACTER (271) 71
CTE_ENTERA (272) 67 88
CTE_LOGICA (273) 69
CTE_REAL (274) 70
SI (275) 42 43
SI_NO (276) 43
RETORNO (277) 52
ENTRADA (278) 46
SALIDA (279) 49 50
HACER (280) 44
HASTA (281) 44
CADENA2 (282) 50
OR (283) 57
AND (284) 58
XOR (285) 59
ASIG (286) 41
OPREL (287) 62
OPIGUAL (288) 60
SUMARESTA (289) 55 61
OPMUL (290) 63
OPUNARIO (291) 56


No terminales con las reglas donde aparecen

$accept (37)
    en la izquierda: 0
programa (38)
    en la izquierda: 2, en la derecha: 0
$@1 (39)
    en la izquierda: 1, en la derecha: 2
bloque (40)
    en la izquierda: 6, en la derecha: 2 12 32 44
$@2 (41)
    en la izquierda: 3, en la derecha: 6
$@3 (42)
    en la izquierda: 4, en la derecha: 6
$@4 (43)
    en la izquierda: 5, en la derecha: 6
interiorBloque (44)
    en la izquierda: 7 8, en la derecha: 6
dec_subprogs (45)
    en la izquierda: 9 10, en la derecha: 7 8 9
dec_subprog (46)
    en la izquierda: 12, en la derecha: 9
$@5 (47)
    en la izquierda: 11, en la derecha: 12
cabe_subprog (48)
    en la izquierda: 14, en la derecha: 12
$@6 (49)
    en la izquierda: 13, en la derecha: 14
cabe2 (50)
    en la izquierda: 16 17, en la derecha: 14
$@7 (51)
    en la izquierda: 15, en la derecha: 16
dec_var_loc (52)
    en la izquierda: 20 21, en la derecha: 7 8
$@8 (53)
    en la izquierda: 18, en la derecha: 20
$@9 (54)
    en la izquierda: 19, en la derecha: 20
var_loc (55)
    en la izquierda: 22 23, en la derecha: 20 22
cuerpo_dec_var (56)
    en la izquierda: 26 27, en la derecha: 22 23
$@10 (57)
    en la izquierda: 24, en la derecha: 26
$@11 (58)
    en la izquierda: 25, en la derecha: 26
sentencias (59)
    en la izquierda: 29 31, en la derecha: 8 29
$@12 (60)
    en la izquierda: 28, en la derecha: 29
$@13 (61)
    en la izquierda: 30, en la derecha: 31
sentencia (62)
    en la izquierda: 32 33 34 35 36 37 38 39, en la derecha: 29 31
    42 43
sentencia_asig (63)
    en la izquierda: 41, en la derecha: 33
$@14 (64)
    en la izquierda: 40, en la derecha: 41
sentencia_if (65)
    en la izquierda: 42 43, en la derecha: 34
sentencia_do_until (66)
    en la izquierda: 44, en la derecha: 35
sentencia_entrada (67)
    en la izquierda: 46, en la derecha: 36
$@15 (68)
    en la izquierda: 45, en la derecha: 46
sentencia_salida (69)
    en la izquierda: 49 50, en la derecha: 37
$@16 (70)
    en la izquierda: 47, en la derecha: 49
$@17 (71)
    en la izquierda: 48, en la derecha: 49
sentencia_return (72)
    en la izquierda: 52, en la derecha: 38
@18 (73)
    en la izquierda: 51, en la derecha: 52
expresion (74)
    en la izquierda: 53 54 55 56 57 58 59 60 61 62 63 64 65 66, en la derecha:
    41 42 43 44 52 53 55 56 57 58 59 60 61 62 63 90 92
constante (75)
    en la izquierda: 67 68 69 70 71, en la derecha: 65
funcion (76)
    en la izquierda: 72 73, en la derecha: 64
const_matriz (77)
    en la izquierda: 74, en la derecha: 68
lista_identificador (78)
    en la izquierda: 75 76, en la derecha: 26 46 75
ident_array (79)
    en la izquierda: 77 78 79 80, en la derecha: 75 76 84 85 86
array_ident (80)
    en la izquierda: 81 82 83, en la derecha: 41 54
lista_parametros (81)
    en la izquierda: 84 85 86, en la derecha: 16 84 86
identificador (82)
    en la izquierda: 87, en la derecha: 14 72 73 77 78 79 81 82 83
num (83)
    en la izquierda: 88, en la derecha: 78 79
lista_expr (84)
    en la izquierda: 90 92, en la derecha: 49 72 74 82 83 90
$@19 (85)
    en la izquierda: 89, en la derecha: 90
$@20 (86)
    en la izquierda: 91, en la derecha: 92


Estado 0

    0 $accept: . programa $end

    $default  reduce usando la regla 1 ($@1)

    programa  ir al estado 1
    $@1       ir al estado 2


Estado 1

    0 $accept: programa . $end

    $end  desplazar e ir al estado 3


Estado 2

    2 programa: $@1 . PRINCIPAL bloque

    PRINCIPAL  desplazar e ir al estado 4


Estado 3

    0 $accept: programa $end .

    $default  aceptar


Estado 4

    2 programa: $@1 PRINCIPAL . bloque

    INI_BLOQUE  desplazar e ir al estado 5

    bloque  ir al estado 6


Estado 5

    6 bloque: INI_BLOQUE . $@2 $@3 interiorBloque FIN_BLOQUE $@4

    $default  reduce usando la regla 3 ($@2)

    $@2  ir al estado 7


Estado 6

    2 programa: $@1 PRINCIPAL bloque .

    $default  reduce usando la regla 2 (programa)


Estado 7

    6 bloque: INI_BLOQUE $@2 . $@3 interiorBloque FIN_BLOQUE $@4

    $default  reduce usando la regla 4 ($@3)

    $@3  ir al estado 8


Estado 8

    6 bloque: INI_BLOQUE $@2 $@3 . interiorBloque FIN_BLOQUE $@4

    INI_VAR   reduce usando la regla 18 ($@8)
    $default  reduce usando la regla 21 (dec_var_loc)

    interiorBloque  ir al estado 9
    dec_var_loc     ir al estado 10
    $@8             ir al estado 11


Estado 9

    6 bloque: INI_BLOQUE $@2 $@3 interiorBloque . FIN_BLOQUE $@4

    FIN_BLOQUE  desplazar e ir al estado 12


Estado 10

    7 interiorBloque: dec_var_loc . dec_subprogs
    8               | dec_var_loc . dec_subprogs sentencias

    $default  reduce usando la regla 10 (dec_subprogs)

    dec_subprogs  ir al estado 13


Estado 11

   20 dec_var_loc: $@8 . INI_VAR $@9 var_loc FIN_VAR

    INI_VAR  desplazar e ir al estado 14


Estado 12

    6 bloque: INI_BLOQUE $@2 $@3 interiorBloque FIN_BLOQUE . $@4

    $default  reduce usando la regla 5 ($@4)

    $@4  ir al estado 15


Estado 13

    7 interiorBloque: dec_var_loc dec_subprogs .
    8               | dec_var_loc dec_subprogs . sentencias
    9 dec_subprogs: dec_subprogs . dec_subprog

    TIPO_BASICO  desplazar e ir al estado 16

    FIN_BLOQUE  reduce usando la regla 7 (interiorBloque)
    $default    reduce usando la regla 30 ($@13)

    dec_subprog   ir al estado 17
    cabe_subprog  ir al estado 18
    sentencias    ir al estado 19
    $@13          ir al estado 20


Estado 14

   20 dec_var_loc: $@8 INI_VAR . $@9 var_loc FIN_VAR

    $default  reduce usando la regla 19 ($@9)

    $@9  ir al estado 21


Estado 15

    6 bloque: INI_BLOQUE $@2 $@3 interiorBloque FIN_BLOQUE $@4 .

    $default  reduce usando la regla 6 (bloque)


Estado 16

   14 cabe_subprog: TIPO_BASICO . identificador $@6 INI_EXPR cabe2

    CADENA  desplazar e ir al estado 22

    identificador  ir al estado 23


Estado 17

    9 dec_subprogs: dec_subprogs dec_subprog .

    $default  reduce usando la regla 9 (dec_subprogs)


Estado 18

   12 dec_subprog: cabe_subprog . $@5 bloque

    $default  reduce usando la regla 11 ($@5)

    $@5  ir al estado 24


Estado 19

    8 interiorBloque: dec_var_loc dec_subprogs sentencias .
   29 sentencias: sentencias . $@12 sentencia

    FIN_BLOQUE  reduce usando la regla 8 (interiorBloque)
    $default    reduce usando la regla 28 ($@12)

    $@12  ir al estado 25


Estado 20

   31 sentencias: $@13 . sentencia

    error       desplazar e ir al estado 26
    INI_BLOQUE  desplazar e ir al estado 5
    CADENA      desplazar e ir al estado 22
    SI          desplazar e ir al estado 27
    RETORNO     desplazar e ir al estado 28
    ENTRADA     desplazar e ir al estado 29
    SALIDA      desplazar e ir al estado 30
    HACER       desplazar e ir al estado 31

    bloque              ir al estado 32
    sentencia           ir al estado 33
    sentencia_asig      ir al estado 34
    sentencia_if        ir al estado 35
    sentencia_do_until  ir al estado 36
    sentencia_entrada   ir al estado 37
    sentencia_salida    ir al estado 38
    sentencia_return    ir al estado 39
    array_ident         ir al estado 40
    identificador       ir al estado 41


Estado 21

   20 dec_var_loc: $@8 INI_VAR $@9 . var_loc FIN_VAR

    error        desplazar e ir al estado 42
    TIPO_BASICO  desplazar e ir al estado 43

    var_loc         ir al estado 44
    cuerpo_dec_var  ir al estado 45


Estado 22

   87 identificador: CADENA .

    $default  reduce usando la regla 87 (identificador)


Estado 23

   14 cabe_subprog: TIPO_BASICO identificador . $@6 INI_EXPR cabe2

    $default  reduce usando la regla 13 ($@6)

    $@6  ir al estado 46


Estado 24

   12 dec_subprog: cabe_subprog $@5 . bloque

    INI_BLOQUE  desplazar e ir al estado 5

    bloque  ir al estado 47


Estado 25

   29 sentencias: sentencias $@12 . sentencia

    error       desplazar e ir al estado 26
    INI_BLOQUE  desplazar e ir al estado 5
    CADENA      desplazar e ir al estado 22
    SI          desplazar e ir al estado 27
    RETORNO     desplazar e ir al estado 28
    ENTRADA     desplazar e ir al estado 29
    SALIDA      desplazar e ir al estado 30
    HACER       desplazar e ir al estado 31

    bloque              ir al estado 32
    sentencia           ir al estado 48
    sentencia_asig      ir al estado 34
    sentencia_if        ir al estado 35
    sentencia_do_until  ir al estado 36
    sentencia_entrada   ir al estado 37
    sentencia_salida    ir al estado 38
    sentencia_return    ir al estado 39
    array_ident         ir al estado 40
    identificador       ir al estado 41


Estado 26

   39 sentencia: error .

    $default  reduce usando la regla 39 (sentencia)


Estado 27

   42 sentencia_if: SI . INI_EXPR expresion FIN_EXPR sentencia
   43             | SI . INI_EXPR expresion FIN_EXPR sentencia SI_NO sentencia

    INI_EXPR  desplazar e ir al estado 49


Estado 28

   52 sentencia_return: RETORNO . expresion @18 PTCOMA

    error         desplazar e ir al estado 50
    INI_BLOQUE    desplazar e ir al estado 51
    INI_EXPR      desplazar e ir al estado 52
    CADENA        desplazar e ir al estado 22
    CTE_CARACTER  desplazar e ir al estado 53
    CTE_ENTERA    desplazar e ir al estado 54
    CTE_LOGICA    desplazar e ir al estado 55
    CTE_REAL      desplazar e ir al estado 56
    SUMARESTA     desplazar e ir al estado 57
    OPUNARIO      desplazar e ir al estado 58

    expresion      ir al estado 59
    constante      ir al estado 60
    funcion        ir al estado 61
    const_matriz   ir al estado 62
    array_ident    ir al estado 63
    identificador  ir al estado 64


Estado 29

   46 sentencia_entrada: ENTRADA . $@15 lista_identificador PTCOMA

    $default  reduce usando la regla 45 ($@15)

    $@15  ir al estado 65


Estado 30

   49 sentencia_salida: SALIDA . $@16 lista_expr PTCOMA $@17
   50                 | SALIDA . CADENA2 PTCOMA

    CADENA2  desplazar e ir al estado 66

    $default  reduce usando la regla 47 ($@16)

    $@16  ir al estado 67


Estado 31

   44 sentencia_do_until: HACER . bloque HASTA INI_EXPR expresion FIN_EXPR

    INI_BLOQUE  desplazar e ir al estado 5

    bloque  ir al estado 68


Estado 32

   32 sentencia: bloque .

    $default  reduce usando la regla 32 (sentencia)


Estado 33

   31 sentencias: $@13 sentencia .

    $default  reduce usando la regla 31 (sentencias)


Estado 34

   33 sentencia: sentencia_asig .

    $default  reduce usando la regla 33 (sentencia)


Estado 35

   34 sentencia: sentencia_if .

    $default  reduce usando la regla 34 (sentencia)


Estado 36

   35 sentencia: sentencia_do_until .

    $default  reduce usando la regla 35 (sentencia)


Estado 37

   36 sentencia: sentencia_entrada .

    $default  reduce usando la regla 36 (sentencia)


Estado 38

   37 sentencia: sentencia_salida .

    $default  reduce usando la regla 37 (sentencia)


Estado 39

   38 sentencia: sentencia_return .

    $default  reduce usando la regla 38 (sentencia)


Estado 40

   41 sentencia_asig: array_ident . ASIG expresion PTCOMA $@14

    ASIG  desplazar e ir al estado 69


Estado 41

   81 array_ident: identificador .
   82            | identificador . INI_TAM lista_expr FIN_TAM
   83            | identificador . INI_TAM lista_expr FIN_TAM INI_TAM lista_expr FIN_TAM

    INI_TAM  desplazar e ir al estado 70

    $default  reduce usando la regla 81 (array_ident)


Estado 42

   27 cuerpo_dec_var: error .

    $default  reduce usando la regla 27 (cuerpo_dec_var)


Estado 43

   26 cuerpo_dec_var: TIPO_BASICO . $@10 $@11 lista_identificador PTCOMA

    $default  reduce usando la regla 24 ($@10)

    $@10  ir al estado 71


Estado 44

   20 dec_var_loc: $@8 INI_VAR $@9 var_loc . FIN_VAR
   22 var_loc: var_loc . cuerpo_dec_var

    error        desplazar e ir al estado 42
    FIN_VAR      desplazar e ir al estado 72
    TIPO_BASICO  desplazar e ir al estado 43

    cuerpo_dec_var  ir al estado 73


Estado 45

   23 var_loc: cuerpo_dec_var .

    $default  reduce usando la regla 23 (var_loc)


Estado 46

   14 cabe_subprog: TIPO_BASICO identificador $@6 . INI_EXPR cabe2

    INI_EXPR  desplazar e ir al estado 74


Estado 47

   12 dec_subprog: cabe_subprog $@5 bloque .

    $default  reduce usando la regla 12 (dec_subprog)


Estado 48

   29 sentencias: sentencias $@12 sentencia .

    $default  reduce usando la regla 29 (sentencias)


Estado 49

   42 sentencia_if: SI INI_EXPR . expresion FIN_EXPR sentencia
   43             | SI INI_EXPR . expresion FIN_EXPR sentencia SI_NO sentencia

    error         desplazar e ir al estado 50
    INI_BLOQUE    desplazar e ir al estado 51
    INI_EXPR      desplazar e ir al estado 52
    CADENA        desplazar e ir al estado 22
    CTE_CARACTER  desplazar e ir al estado 53
    CTE_ENTERA    desplazar e ir al estado 54
    CTE_LOGICA    desplazar e ir al estado 55
    CTE_REAL      desplazar e ir al estado 56
    SUMARESTA     desplazar e ir al estado 57
    OPUNARIO      desplazar e ir al estado 58

    expresion      ir al estado 75
    constante      ir al estado 60
    funcion        ir al estado 61
    const_matriz   ir al estado 62
    array_ident    ir al estado 63
    identificador  ir al estado 64


Estado 50

   66 expresion: error .

    $default  reduce usando la regla 66 (expresion)


Estado 51

   74 const_matriz: INI_BLOQUE . lista_expr FIN_BLOQUE

    error         desplazar e ir al estado 50
    INI_BLOQUE    desplazar e ir al estado 51
    INI_EXPR      desplazar e ir al estado 52
    CADENA        desplazar e ir al estado 22
    CTE_CARACTER  desplazar e ir al estado 53
    CTE_ENTERA    desplazar e ir al estado 54
    CTE_LOGICA    desplazar e ir al estado 55
    CTE_REAL      desplazar e ir al estado 56
    SUMARESTA     desplazar e ir al estado 57
    OPUNARIO      desplazar e ir al estado 58

    expresion      ir al estado 76
    constante      ir al estado 60
    funcion        ir al estado 61
    const_matriz   ir al estado 62
    array_ident    ir al estado 63
    identificador  ir al estado 64
    lista_expr     ir al estado 77


Estado 52

   53 expresion: INI_EXPR . expresion FIN_EXPR

    error         desplazar e ir al estado 50
    INI_BLOQUE    desplazar e ir al estado 51
    INI_EXPR      desplazar e ir al estado 52
    CADENA        desplazar e ir al estado 22
    CTE_CARACTER  desplazar e ir al estado 53
    CTE_ENTERA    desplazar e ir al estado 54
    CTE_LOGICA    desplazar e ir al estado 55
    CTE_REAL      desplazar e ir al estado 56
    SUMARESTA     desplazar e ir al estado 57
    OPUNARIO      desplazar e ir al estado 58

    expresion      ir al estado 78
    constante      ir al estado 60
    funcion        ir al estado 61
    const_matriz   ir al estado 62
    array_ident    ir al estado 63
    identificador  ir al estado 64


Estado 53

   71 constante: CTE_CARACTER .

    $default  reduce usando la regla 71 (constante)


Estado 54

   67 constante: CTE_ENTERA .

    $default  reduce usando la regla 67 (constante)


Estado 55

   69 constante: CTE_LOGICA .

    $default  reduce usando la regla 69 (constante)


Estado 56

   70 constante: CTE_REAL .

    $default  reduce usando la regla 70 (constante)


Estado 57

   55 expresion: SUMARESTA . expresion

    error         desplazar e ir al estado 50
    INI_BLOQUE    desplazar e ir al estado 51
    INI_EXPR      desplazar e ir al estado 52
    CADENA        desplazar e ir al estado 22
    CTE_CARACTER  desplazar e ir al estado 53
    CTE_ENTERA    desplazar e ir al estado 54
    CTE_LOGICA    desplazar e ir al estado 55
    CTE_REAL      desplazar e ir al estado 56
    SUMARESTA     desplazar e ir al estado 57
    OPUNARIO      desplazar e ir al estado 58

    expresion      ir al estado 79
    constante      ir al estado 60
    funcion        ir al estado 61
    const_matriz   ir al estado 62
    array_ident    ir al estado 63
    identificador  ir al estado 64


Estado 58

   56 expresion: OPUNARIO . expresion

    error         desplazar e ir al estado 50
    INI_BLOQUE    desplazar e ir al estado 51
    INI_EXPR      desplazar e ir al estado 52
    CADENA        desplazar e ir al estado 22
    CTE_CARACTER  desplazar e ir al estado 53
    CTE_ENTERA    desplazar e ir al estado 54
    CTE_LOGICA    desplazar e ir al estado 55
    CTE_REAL      desplazar e ir al estado 56
    SUMARESTA     desplazar e ir al estado 57
    OPUNARIO      desplazar e ir al estado 58

    expresion      ir al estado 80
    constante      ir al estado 60
    funcion        ir al estado 61
    const_matriz   ir al estado 62
    array_ident    ir al estado 63
    identificador  ir al estado 64


Estado 59

   52 sentencia_return: RETORNO expresion . @18 PTCOMA
   57 expresion: expresion . OR expresion
   58          | expresion . AND expresion
   59          | expresion . XOR expresion
   60          | expresion . OPIGUAL expresion
   61          | expresion . SUMARESTA expresion
   62          | expresion . OPREL expresion
   63          | expresion . OPMUL expresion

    OR         desplazar e ir al estado 81
    AND        desplazar e ir al estado 82
    XOR        desplazar e ir al estado 83
    OPREL      desplazar e ir al estado 84
    OPIGUAL    desplazar e ir al estado 85
    SUMARESTA  desplazar e ir al estado 86
    OPMUL      desplazar e ir al estado 87

    $default  reduce usando la regla 51 (@18)

    @18  ir al estado 88


Estado 60

   65 expresion: constante .

    $default  reduce usando la regla 65 (expresion)


Estado 61

   64 expresion: funcion .

    $default  reduce usando la regla 64 (expresion)


Estado 62

   68 constante: const_matriz .

    $default  reduce usando la regla 68 (constante)


Estado 63

   54 expresion: array_ident .

    $default  reduce usando la regla 54 (expresion)


Estado 64

   72 funcion: identificador . INI_EXPR lista_expr FIN_EXPR
   73        | identificador . INI_EXPR FIN_EXPR
   81 array_ident: identificador .
   82            | identificador . INI_TAM lista_expr FIN_TAM
   83            | identificador . INI_TAM lista_expr FIN_TAM INI_TAM lista_expr FIN_TAM

    INI_EXPR  desplazar e ir al estado 89
    INI_TAM   desplazar e ir al estado 70

    $default  reduce usando la regla 81 (array_ident)


Estado 65

   46 sentencia_entrada: ENTRADA $@15 . lista_identificador PTCOMA

    error   desplazar e ir al estado 90
    CADENA  desplazar e ir al estado 22

    lista_identificador  ir al estado 91
    ident_array          ir al estado 92
    identificador        ir al estado 93


Estado 66

   50 sentencia_salida: SALIDA CADENA2 . PTCOMA

    PTCOMA  desplazar e ir al estado 94


Estado 67

   49 sentencia_salida: SALIDA $@16 . lista_expr PTCOMA $@17

    error         desplazar e ir al estado 50
    INI_BLOQUE    desplazar e ir al estado 51
    INI_EXPR      desplazar e ir al estado 52
    CADENA        desplazar e ir al estado 22
    CTE_CARACTER  desplazar e ir al estado 53
    CTE_ENTERA    desplazar e ir al estado 54
    CTE_LOGICA    desplazar e ir al estado 55
    CTE_REAL      desplazar e ir al estado 56
    SUMARESTA     desplazar e ir al estado 57
    OPUNARIO      desplazar e ir al estado 58

    expresion      ir al estado 76
    constante      ir al estado 60
    funcion        ir al estado 61
    const_matriz   ir al estado 62
    array_ident    ir al estado 63
    identificador  ir al estado 64
    lista_expr     ir al estado 95


Estado 68

   44 sentencia_do_until: HACER bloque . HASTA INI_EXPR expresion FIN_EXPR

    HASTA  desplazar e ir al estado 96


Estado 69

   41 sentencia_asig: array_ident ASIG . expresion PTCOMA $@14

    error         desplazar e ir al estado 50
    INI_BLOQUE    desplazar e ir al estado 51
    INI_EXPR      desplazar e ir al estado 52
    CADENA        desplazar e ir al estado 22
    CTE_CARACTER  desplazar e ir al estado 53
    CTE_ENTERA    desplazar e ir al estado 54
    CTE_LOGICA    desplazar e ir al estado 55
    CTE_REAL      desplazar e ir al estado 56
    SUMARESTA     desplazar e ir al estado 57
    OPUNARIO      desplazar e ir al estado 58

    expresion      ir al estado 97
    constante      ir al estado 60
    funcion        ir al estado 61
    const_matriz   ir al estado 62
    array_ident    ir al estado 63
    identificador  ir al estado 64


Estado 70

   82 array_ident: identificador INI_TAM . lista_expr FIN_TAM
   83            | identificador INI_TAM . lista_expr FIN_TAM INI_TAM lista_expr FIN_TAM

    error         desplazar e ir al estado 50
    INI_BLOQUE    desplazar e ir al estado 51
    INI_EXPR      desplazar e ir al estado 52
    CADENA        desplazar e ir al estado 22
    CTE_CARACTER  desplazar e ir al estado 53
    CTE_ENTERA    desplazar e ir al estado 54
    CTE_LOGICA    desplazar e ir al estado 55
    CTE_REAL      desplazar e ir al estado 56
    SUMARESTA     desplazar e ir al estado 57
    OPUNARIO      desplazar e ir al estado 58

    expresion      ir al estado 76
    constante      ir al estado 60
    funcion        ir al estado 61
    const_matriz   ir al estado 62
    array_ident    ir al estado 63
    identificador  ir al estado 64
    lista_expr     ir al estado 98


Estado 71

   26 cuerpo_dec_var: TIPO_BASICO $@10 . $@11 lista_identificador PTCOMA

    $default  reduce usando la regla 25 ($@11)

    $@11  ir al estado 99


Estado 72

   20 dec_var_loc: $@8 INI_VAR $@9 var_loc FIN_VAR .

    $default  reduce usando la regla 20 (dec_var_loc)


Estado 73

   22 var_loc: var_loc cuerpo_dec_var .

    $default  reduce usando la regla 22 (var_loc)


Estado 74

   14 cabe_subprog: TIPO_BASICO identificador $@6 INI_EXPR . cabe2

    FIN_EXPR     desplazar e ir al estado 100
    TIPO_BASICO  desplazar e ir al estado 101

    cabe2             ir al estado 102
    lista_parametros  ir al estado 103


Estado 75

   42 sentencia_if: SI INI_EXPR expresion . FIN_EXPR sentencia
   43             | SI INI_EXPR expresion . FIN_EXPR sentencia SI_NO sentencia
   57 expresion: expresion . OR expresion
   58          | expresion . AND expresion
   59          | expresion . XOR expresion
   60          | expresion . OPIGUAL expresion
   61          | expresion . SUMARESTA expresion
   62          | expresion . OPREL expresion
   63          | expresion . OPMUL expresion

    FIN_EXPR   desplazar e ir al estado 104
    OR         desplazar e ir al estado 81
    AND        desplazar e ir al estado 82
    XOR        desplazar e ir al estado 83
    OPREL      desplazar e ir al estado 84
    OPIGUAL    desplazar e ir al estado 85
    SUMARESTA  desplazar e ir al estado 86
    OPMUL      desplazar e ir al estado 87


Estado 76

   57 expresion: expresion . OR expresion
   58          | expresion . AND expresion
   59          | expresion . XOR expresion
   60          | expresion . OPIGUAL expresion
   61          | expresion . SUMARESTA expresion
   62          | expresion . OPREL expresion
   63          | expresion . OPMUL expresion
   92 lista_expr: expresion . $@20

    OR         desplazar e ir al estado 81
    AND        desplazar e ir al estado 82
    XOR        desplazar e ir al estado 83
    OPREL      desplazar e ir al estado 84
    OPIGUAL    desplazar e ir al estado 85
    SUMARESTA  desplazar e ir al estado 86
    OPMUL      desplazar e ir al estado 87

    $default  reduce usando la regla 91 ($@20)

    $@20  ir al estado 105


Estado 77

   74 const_matriz: INI_BLOQUE lista_expr . FIN_BLOQUE
   90 lista_expr: lista_expr . COMA expresion $@19

    FIN_BLOQUE  desplazar e ir al estado 106
    COMA        desplazar e ir al estado 107


Estado 78

   53 expresion: INI_EXPR expresion . FIN_EXPR
   57          | expresion . OR expresion
   58          | expresion . AND expresion
   59          | expresion . XOR expresion
   60          | expresion . OPIGUAL expresion
   61          | expresion . SUMARESTA expresion
   62          | expresion . OPREL expresion
   63          | expresion . OPMUL expresion

    FIN_EXPR   desplazar e ir al estado 108
    OR         desplazar e ir al estado 81
    AND        desplazar e ir al estado 82
    XOR        desplazar e ir al estado 83
    OPREL      desplazar e ir al estado 84
    OPIGUAL    desplazar e ir al estado 85
    SUMARESTA  desplazar e ir al estado 86
    OPMUL      desplazar e ir al estado 87


Estado 79

   55 expresion: SUMARESTA expresion .
   57          | expresion . OR expresion
   58          | expresion . AND expresion
   59          | expresion . XOR expresion
   60          | expresion . OPIGUAL expresion
   61          | expresion . SUMARESTA expresion
   62          | expresion . OPREL expresion
   63          | expresion . OPMUL expresion

    OPMUL  desplazar e ir al estado 87

    $default  reduce usando la regla 55 (expresion)


Estado 80

   56 expresion: OPUNARIO expresion .
   57          | expresion . OR expresion
   58          | expresion . AND expresion
   59          | expresion . XOR expresion
   60          | expresion . OPIGUAL expresion
   61          | expresion . SUMARESTA expresion
   62          | expresion . OPREL expresion
   63          | expresion . OPMUL expresion

    $default  reduce usando la regla 56 (expresion)


Estado 81

   57 expresion: expresion OR . expresion

    error         desplazar e ir al estado 50
    INI_BLOQUE    desplazar e ir al estado 51
    INI_EXPR      desplazar e ir al estado 52
    CADENA        desplazar e ir al estado 22
    CTE_CARACTER  desplazar e ir al estado 53
    CTE_ENTERA    desplazar e ir al estado 54
    CTE_LOGICA    desplazar e ir al estado 55
    CTE_REAL      desplazar e ir al estado 56
    SUMARESTA     desplazar e ir al estado 57
    OPUNARIO      desplazar e ir al estado 58

    expresion      ir al estado 109
    constante      ir al estado 60
    funcion        ir al estado 61
    const_matriz   ir al estado 62
    array_ident    ir al estado 63
    identificador  ir al estado 64


Estado 82

   58 expresion: expresion AND . expresion

    error         desplazar e ir al estado 50
    INI_BLOQUE    desplazar e ir al estado 51
    INI_EXPR      desplazar e ir al estado 52
    CADENA        desplazar e ir al estado 22
    CTE_CARACTER  desplazar e ir al estado 53
    CTE_ENTERA    desplazar e ir al estado 54
    CTE_LOGICA    desplazar e ir al estado 55
    CTE_REAL      desplazar e ir al estado 56
    SUMARESTA     desplazar e ir al estado 57
    OPUNARIO      desplazar e ir al estado 58

    expresion      ir al estado 110
    constante      ir al estado 60
    funcion        ir al estado 61
    const_matriz   ir al estado 62
    array_ident    ir al estado 63
    identificador  ir al estado 64


Estado 83

   59 expresion: expresion XOR . expresion

    error         desplazar e ir al estado 50
    INI_BLOQUE    desplazar e ir al estado 51
    INI_EXPR      desplazar e ir al estado 52
    CADENA        desplazar e ir al estado 22
    CTE_CARACTER  desplazar e ir al estado 53
    CTE_ENTERA    desplazar e ir al estado 54
    CTE_LOGICA    desplazar e ir al estado 55
    CTE_REAL      desplazar e ir al estado 56
    SUMARESTA     desplazar e ir al estado 57
    OPUNARIO      desplazar e ir al estado 58

    expresion      ir al estado 111
    constante      ir al estado 60
    funcion        ir al estado 61
    const_matriz   ir al estado 62
    array_ident    ir al estado 63
    identificador  ir al estado 64


Estado 84

   62 expresion: expresion OPREL . expresion

    error         desplazar e ir al estado 50
    INI_BLOQUE    desplazar e ir al estado 51
    INI_EXPR      desplazar e ir al estado 52
    CADENA        desplazar e ir al estado 22
    CTE_CARACTER  desplazar e ir al estado 53
    CTE_ENTERA    desplazar e ir al estado 54
    CTE_LOGICA    desplazar e ir al estado 55
    CTE_REAL      desplazar e ir al estado 56
    SUMARESTA     desplazar e ir al estado 57
    OPUNARIO      desplazar e ir al estado 58

    expresion      ir al estado 112
    constante      ir al estado 60
    funcion        ir al estado 61
    const_matriz   ir al estado 62
    array_ident    ir al estado 63
    identificador  ir al estado 64


Estado 85

   60 expresion: expresion OPIGUAL . expresion

    error         desplazar e ir al estado 50
    INI_BLOQUE    desplazar e ir al estado 51
    INI_EXPR      desplazar e ir al estado 52
    CADENA        desplazar e ir al estado 22
    CTE_CARACTER  desplazar e ir al estado 53
    CTE_ENTERA    desplazar e ir al estado 54
    CTE_LOGICA    desplazar e ir al estado 55
    CTE_REAL      desplazar e ir al estado 56
    SUMARESTA     desplazar e ir al estado 57
    OPUNARIO      desplazar e ir al estado 58

    expresion      ir al estado 113
    constante      ir al estado 60
    funcion        ir al estado 61
    const_matriz   ir al estado 62
    array_ident    ir al estado 63
    identificador  ir al estado 64


Estado 86

   61 expresion: expresion SUMARESTA . expresion

    error         desplazar e ir al estado 50
    INI_BLOQUE    desplazar e ir al estado 51
    INI_EXPR      desplazar e ir al estado 52
    CADENA        desplazar e ir al estado 22
    CTE_CARACTER  desplazar e ir al estado 53
    CTE_ENTERA    desplazar e ir al estado 54
    CTE_LOGICA    desplazar e ir al estado 55
    CTE_REAL      desplazar e ir al estado 56
    SUMARESTA     desplazar e ir al estado 57
    OPUNARIO      desplazar e ir al estado 58

    expresion      ir al estado 114
    constante      ir al estado 60
    funcion        ir al estado 61
    const_matriz   ir al estado 62
    array_ident    ir al estado 63
    identificador  ir al estado 64


Estado 87

   63 expresion: expresion OPMUL . expresion

    error         desplazar e ir al estado 50
    INI_BLOQUE    desplazar e ir al estado 51
    INI_EXPR      desplazar e ir al estado 52
    CADENA        desplazar e ir al estado 22
    CTE_CARACTER  desplazar e ir al estado 53
    CTE_ENTERA    desplazar e ir al estado 54
    CTE_LOGICA    desplazar e ir al estado 55
    CTE_REAL      desplazar e ir al estado 56
    SUMARESTA     desplazar e ir al estado 57
    OPUNARIO      desplazar e ir al estado 58

    expresion      ir al estado 115
    constante      ir al estado 60
    funcion        ir al estado 61
    const_matriz   ir al estado 62
    array_ident    ir al estado 63
    identificador  ir al estado 64


Estado 88

   52 sentencia_return: RETORNO expresion @18 . PTCOMA

    PTCOMA  desplazar e ir al estado 116


Estado 89

   72 funcion: identificador INI_EXPR . lista_expr FIN_EXPR
   73        | identificador INI_EXPR . FIN_EXPR

    error         desplazar e ir al estado 50
    INI_BLOQUE    desplazar e ir al estado 51
    INI_EXPR      desplazar e ir al estado 52
    FIN_EXPR      desplazar e ir al estado 117
    CADENA        desplazar e ir al estado 22
    CTE_CARACTER  desplazar e ir al estado 53
    CTE_ENTERA    desplazar e ir al estado 54
    CTE_LOGICA    desplazar e ir al estado 55
    CTE_REAL      desplazar e ir al estado 56
    SUMARESTA     desplazar e ir al estado 57
    OPUNARIO      desplazar e ir al estado 58

    expresion      ir al estado 76
    constante      ir al estado 60
    funcion        ir al estado 61
    const_matriz   ir al estado 62
    array_ident    ir al estado 63
    identificador  ir al estado 64
    lista_expr     ir al estado 118


Estado 90

   80 ident_array: error .

    $default  reduce usando la regla 80 (ident_array)


Estado 91

   46 sentencia_entrada: ENTRADA $@15 lista_identificador . PTCOMA
   75 lista_identificador: lista_identificador . COMA ident_array

    PTCOMA  desplazar e ir al estado 119
    COMA    desplazar e ir al estado 120


Estado 92

   76 lista_identificador: ident_array .

    $default  reduce usando la regla 76 (lista_identificador)


Estado 93

   77 ident_array: identificador .
   78            | identificador . INI_TAM num FIN_TAM
   79            | identificador . INI_TAM num FIN_TAM INI_TAM num FIN_TAM

    INI_TAM  desplazar e ir al estado 121

    $default  reduce usando la regla 77 (ident_array)


Estado 94

   50 sentencia_salida: SALIDA CADENA2 PTCOMA .

    $default  reduce usando la regla 50 (sentencia_salida)


Estado 95

   49 sentencia_salida: SALIDA $@16 lista_expr . PTCOMA $@17
   90 lista_expr: lista_expr . COMA expresion $@19

    PTCOMA  desplazar e ir al estado 122
    COMA    desplazar e ir al estado 107


Estado 96

   44 sentencia_do_until: HACER bloque HASTA . INI_EXPR expresion FIN_EXPR

    INI_EXPR  desplazar e ir al estado 123


Estado 97

   41 sentencia_asig: array_ident ASIG expresion . PTCOMA $@14
   57 expresion: expresion . OR expresion
   58          | expresion . AND expresion
   59          | expresion . XOR expresion
   60          | expresion . OPIGUAL expresion
   61          | expresion . SUMARESTA expresion
   62          | expresion . OPREL expresion
   63          | expresion . OPMUL expresion

    PTCOMA     desplazar e ir al estado 124
    OR         desplazar e ir al estado 81
    AND        desplazar e ir al estado 82
    XOR        desplazar e ir al estado 83
    OPREL      desplazar e ir al estado 84
    OPIGUAL    desplazar e ir al estado 85
    SUMARESTA  desplazar e ir al estado 86
    OPMUL      desplazar e ir al estado 87


Estado 98

   82 array_ident: identificador INI_TAM lista_expr . FIN_TAM
   83            | identificador INI_TAM lista_expr . FIN_TAM INI_TAM lista_expr FIN_TAM
   90 lista_expr: lista_expr . COMA expresion $@19

    FIN_TAM  desplazar e ir al estado 125
    COMA     desplazar e ir al estado 107


Estado 99

   26 cuerpo_dec_var: TIPO_BASICO $@10 $@11 . lista_identificador PTCOMA

    error   desplazar e ir al estado 90
    CADENA  desplazar e ir al estado 22

    lista_identificador  ir al estado 126
    ident_array          ir al estado 92
    identificador        ir al estado 93


Estado 100

   17 cabe2: FIN_EXPR .

    $default  reduce usando la regla 17 (cabe2)


Estado 101

   85 lista_parametros: TIPO_BASICO . ident_array

    error   desplazar e ir al estado 90
    CADENA  desplazar e ir al estado 22

    ident_array    ir al estado 127
    identificador  ir al estado 93


Estado 102

   14 cabe_subprog: TIPO_BASICO identificador $@6 INI_EXPR cabe2 .

    $default  reduce usando la regla 14 (cabe_subprog)


Estado 103

   16 cabe2: lista_parametros . FIN_EXPR $@7
   84 lista_parametros: lista_parametros . COMA TIPO_BASICO ident_array
   86                 | lista_parametros . error TIPO_BASICO ident_array

    error     desplazar e ir al estado 128
    FIN_EXPR  desplazar e ir al estado 129
    COMA      desplazar e ir al estado 130


Estado 104

   42 sentencia_if: SI INI_EXPR expresion FIN_EXPR . sentencia
   43             | SI INI_EXPR expresion FIN_EXPR . sentencia SI_NO sentencia

    error       desplazar e ir al estado 26
    INI_BLOQUE  desplazar e ir al estado 5
    CADENA      desplazar e ir al estado 22
    SI          desplazar e ir al estado 27
    RETORNO     desplazar e ir al estado 28
    ENTRADA     desplazar e ir al estado 29
    SALIDA      desplazar e ir al estado 30
    HACER       desplazar e ir al estado 31

    bloque              ir al estado 32
    sentencia           ir al estado 131
    sentencia_asig      ir al estado 34
    sentencia_if        ir al estado 35
    sentencia_do_until  ir al estado 36
    sentencia_entrada   ir al estado 37
    sentencia_salida    ir al estado 38
    sentencia_return    ir al estado 39
    array_ident         ir al estado 40
    identificador       ir al estado 41


Estado 105

   92 lista_expr: expresion $@20 .

    $default  reduce usando la regla 92 (lista_expr)


Estado 106

   74 const_matriz: INI_BLOQUE lista_expr FIN_BLOQUE .

    $default  reduce usando la regla 74 (const_matriz)


Estado 107

   90 lista_expr: lista_expr COMA . expresion $@19

    error         desplazar e ir al estado 50
    INI_BLOQUE    desplazar e ir al estado 51
    INI_EXPR      desplazar e ir al estado 52
    CADENA        desplazar e ir al estado 22
    CTE_CARACTER  desplazar e ir al estado 53
    CTE_ENTERA    desplazar e ir al estado 54
    CTE_LOGICA    desplazar e ir al estado 55
    CTE_REAL      desplazar e ir al estado 56
    SUMARESTA     desplazar e ir al estado 57
    OPUNARIO      desplazar e ir al estado 58

    expresion      ir al estado 132
    constante      ir al estado 60
    funcion        ir al estado 61
    const_matriz   ir al estado 62
    array_ident    ir al estado 63
    identificador  ir al estado 64


Estado 108

   53 expresion: INI_EXPR expresion FIN_EXPR .

    $default  reduce usando la regla 53 (expresion)


Estado 109

   57 expresion: expresion . OR expresion
   57          | expresion OR expresion .
   58          | expresion . AND expresion
   59          | expresion . XOR expresion
   60          | expresion . OPIGUAL expresion
   61          | expresion . SUMARESTA expresion
   62          | expresion . OPREL expresion
   63          | expresion . OPMUL expresion

    AND        desplazar e ir al estado 82
    XOR        desplazar e ir al estado 83
    OPREL      desplazar e ir al estado 84
    OPIGUAL    desplazar e ir al estado 85
    SUMARESTA  desplazar e ir al estado 86
    OPMUL      desplazar e ir al estado 87

    $default  reduce usando la regla 57 (expresion)


Estado 110

   57 expresion: expresion . OR expresion
   58          | expresion . AND expresion
   58          | expresion AND expresion .
   59          | expresion . XOR expresion
   60          | expresion . OPIGUAL expresion
   61          | expresion . SUMARESTA expresion
   62          | expresion . OPREL expresion
   63          | expresion . OPMUL expresion

    XOR        desplazar e ir al estado 83
    OPREL      desplazar e ir al estado 84
    OPIGUAL    desplazar e ir al estado 85
    SUMARESTA  desplazar e ir al estado 86
    OPMUL      desplazar e ir al estado 87

    $default  reduce usando la regla 58 (expresion)


Estado 111

   57 expresion: expresion . OR expresion
   58          | expresion . AND expresion
   59          | expresion . XOR expresion
   59          | expresion XOR expresion .
   60          | expresion . OPIGUAL expresion
   61          | expresion . SUMARESTA expresion
   62          | expresion . OPREL expresion
   63          | expresion . OPMUL expresion

    OPREL      desplazar e ir al estado 84
    OPIGUAL    desplazar e ir al estado 85
    SUMARESTA  desplazar e ir al estado 86
    OPMUL      desplazar e ir al estado 87

    $default  reduce usando la regla 59 (expresion)


Estado 112

   57 expresion: expresion . OR expresion
   58          | expresion . AND expresion
   59          | expresion . XOR expresion
   60          | expresion . OPIGUAL expresion
   61          | expresion . SUMARESTA expresion
   62          | expresion . OPREL expresion
   62          | expresion OPREL expresion .
   63          | expresion . OPMUL expresion

    OPIGUAL    desplazar e ir al estado 85
    SUMARESTA  desplazar e ir al estado 86
    OPMUL      desplazar e ir al estado 87

    $default  reduce usando la regla 62 (expresion)


Estado 113

   57 expresion: expresion . OR expresion
   58          | expresion . AND expresion
   59          | expresion . XOR expresion
   60          | expresion . OPIGUAL expresion
   60          | expresion OPIGUAL expresion .
   61          | expresion . SUMARESTA expresion
   62          | expresion . OPREL expresion
   63          | expresion . OPMUL expresion

    SUMARESTA  desplazar e ir al estado 86
    OPMUL      desplazar e ir al estado 87

    $default  reduce usando la regla 60 (expresion)


Estado 114

   57 expresion: expresion . OR expresion
   58          | expresion . AND expresion
   59          | expresion . XOR expresion
   60          | expresion . OPIGUAL expresion
   61          | expresion . SUMARESTA expresion
   61          | expresion SUMARESTA expresion .
   62          | expresion . OPREL expresion
   63          | expresion . OPMUL expresion

    OPMUL  desplazar e ir al estado 87

    $default  reduce usando la regla 61 (expresion)


Estado 115

   57 expresion: expresion . OR expresion
   58          | expresion . AND expresion
   59          | expresion . XOR expresion
   60          | expresion . OPIGUAL expresion
   61          | expresion . SUMARESTA expresion
   62          | expresion . OPREL expresion
   63          | expresion . OPMUL expresion
   63          | expresion OPMUL expresion .

    $default  reduce usando la regla 63 (expresion)


Estado 116

   52 sentencia_return: RETORNO expresion @18 PTCOMA .

    $default  reduce usando la regla 52 (sentencia_return)


Estado 117

   73 funcion: identificador INI_EXPR FIN_EXPR .

    $default  reduce usando la regla 73 (funcion)


Estado 118

   72 funcion: identificador INI_EXPR lista_expr . FIN_EXPR
   90 lista_expr: lista_expr . COMA expresion $@19

    FIN_EXPR  desplazar e ir al estado 133
    COMA      desplazar e ir al estado 107


Estado 119

   46 sentencia_entrada: ENTRADA $@15 lista_identificador PTCOMA .

    $default  reduce usando la regla 46 (sentencia_entrada)


Estado 120

   75 lista_identificador: lista_identificador COMA . ident_array

    error   desplazar e ir al estado 90
    CADENA  desplazar e ir al estado 22

    ident_array    ir al estado 134
    identificador  ir al estado 93


Estado 121

   78 ident_array: identificador INI_TAM . num FIN_TAM
   79            | identificador INI_TAM . num FIN_TAM INI_TAM num FIN_TAM

    CTE_ENTERA  desplazar e ir al estado 135

    num  ir al estado 136


Estado 122

   49 sentencia_salida: SALIDA $@16 lista_expr PTCOMA . $@17

    $default  reduce usando la regla 48 ($@17)

    $@17  ir al estado 137


Estado 123

   44 sentencia_do_until: HACER bloque HASTA INI_EXPR . expresion FIN_EXPR

    error         desplazar e ir al estado 50
    INI_BLOQUE    desplazar e ir al estado 51
    INI_EXPR      desplazar e ir al estado 52
    CADENA        desplazar e ir al estado 22
    CTE_CARACTER  desplazar e ir al estado 53
    CTE_ENTERA    desplazar e ir al estado 54
    CTE_LOGICA    desplazar e ir al estado 55
    CTE_REAL      desplazar e ir al estado 56
    SUMARESTA     desplazar e ir al estado 57
    OPUNARIO      desplazar e ir al estado 58

    expresion      ir al estado 138
    constante      ir al estado 60
    funcion        ir al estado 61
    const_matriz   ir al estado 62
    array_ident    ir al estado 63
    identificador  ir al estado 64


Estado 124

   41 sentencia_asig: array_ident ASIG expresion PTCOMA . $@14

    $default  reduce usando la regla 40 ($@14)

    $@14  ir al estado 139


Estado 125

   82 array_ident: identificador INI_TAM lista_expr FIN_TAM .
   83            | identificador INI_TAM lista_expr FIN_TAM . INI_TAM lista_expr FIN_TAM

    INI_TAM  desplazar e ir al estado 140

    $default  reduce usando la regla 82 (array_ident)


Estado 126

   26 cuerpo_dec_var: TIPO_BASICO $@10 $@11 lista_identificador . PTCOMA
   75 lista_identificador: lista_identificador . COMA ident_array

    PTCOMA  desplazar e ir al estado 141
    COMA    desplazar e ir al estado 120


Estado 127

   85 lista_parametros: TIPO_BASICO ident_array .

    $default  reduce usando la regla 85 (lista_parametros)


Estado 128

   86 lista_parametros: lista_parametros error . TIPO_BASICO ident_array

    TIPO_BASICO  desplazar e ir al estado 142


Estado 129

   16 cabe2: lista_parametros FIN_EXPR . $@7

    $default  reduce usando la regla 15 ($@7)

    $@7  ir al estado 143


Estado 130

   84 lista_parametros: lista_parametros COMA . TIPO_BASICO ident_array

    TIPO_BASICO  desplazar e ir al estado 144


Estado 131

   42 sentencia_if: SI INI_EXPR expresion FIN_EXPR sentencia .
   43             | SI INI_EXPR expresion FIN_EXPR sentencia . SI_NO sentencia

    SI_NO  desplazar e ir al estado 145

    SI_NO     [reduce usando la regla 42 (sentencia_if)]
    $default  reduce usando la regla 42 (sentencia_if)


Estado 132

   57 expresion: expresion . OR expresion
   58          | expresion . AND expresion
   59          | expresion . XOR expresion
   60          | expresion . OPIGUAL expresion
   61          | expresion . SUMARESTA expresion
   62          | expresion . OPREL expresion
   63          | expresion . OPMUL expresion
   90 lista_expr: lista_expr COMA expresion . $@19

    OR         desplazar e ir al estado 81
    AND        desplazar e ir al estado 82
    XOR        desplazar e ir al estado 83
    OPREL      desplazar e ir al estado 84
    OPIGUAL    desplazar e ir al estado 85
    SUMARESTA  desplazar e ir al estado 86
    OPMUL      desplazar e ir al estado 87

    $default  reduce usando la regla 89 ($@19)

    $@19  ir al estado 146


Estado 133

   72 funcion: identificador INI_EXPR lista_expr FIN_EXPR .

    $default  reduce usando la regla 72 (funcion)


Estado 134

   75 lista_identificador: lista_identificador COMA ident_array .

    $default  reduce usando la regla 75 (lista_identificador)


Estado 135

   88 num: CTE_ENTERA .

    $default  reduce usando la regla 88 (num)


Estado 136

   78 ident_array: identificador INI_TAM num . FIN_TAM
   79            | identificador INI_TAM num . FIN_TAM INI_TAM num FIN_TAM

    FIN_TAM  desplazar e ir al estado 147


Estado 137

   49 sentencia_salida: SALIDA $@16 lista_expr PTCOMA $@17 .

    $default  reduce usando la regla 49 (sentencia_salida)


Estado 138

   44 sentencia_do_until: HACER bloque HASTA INI_EXPR expresion . FIN_EXPR
   57 expresion: expresion . OR expresion
   58          | expresion . AND expresion
   59          | expresion . XOR expresion
   60          | expresion . OPIGUAL expresion
   61          | expresion . SUMARESTA expresion
   62          | expresion . OPREL expresion
   63          | expresion . OPMUL expresion

    FIN_EXPR   desplazar e ir al estado 148
    OR         desplazar e ir al estado 81
    AND        desplazar e ir al estado 82
    XOR        desplazar e ir al estado 83
    OPREL      desplazar e ir al estado 84
    OPIGUAL    desplazar e ir al estado 85
    SUMARESTA  desplazar e ir al estado 86
    OPMUL      desplazar e ir al estado 87


Estado 139

   41 sentencia_asig: array_ident ASIG expresion PTCOMA $@14 .

    $default  reduce usando la regla 41 (sentencia_asig)


Estado 140

   83 array_ident: identificador INI_TAM lista_expr FIN_TAM INI_TAM . lista_expr FIN_TAM

    error         desplazar e ir al estado 50
    INI_BLOQUE    desplazar e ir al estado 51
    INI_EXPR      desplazar e ir al estado 52
    CADENA        desplazar e ir al estado 22
    CTE_CARACTER  desplazar e ir al estado 53
    CTE_ENTERA    desplazar e ir al estado 54
    CTE_LOGICA    desplazar e ir al estado 55
    CTE_REAL      desplazar e ir al estado 56
    SUMARESTA     desplazar e ir al estado 57
    OPUNARIO      desplazar e ir al estado 58

    expresion      ir al estado 76
    constante      ir al estado 60
    funcion        ir al estado 61
    const_matriz   ir al estado 62
    array_ident    ir al estado 63
    identificador  ir al estado 64
    lista_expr     ir al estado 149


Estado 141

   26 cuerpo_dec_var: TIPO_BASICO $@10 $@11 lista_identificador PTCOMA .

    $default  reduce usando la regla 26 (cuerpo_dec_var)


Estado 142

   86 lista_parametros: lista_parametros error TIPO_BASICO . ident_array

    error   desplazar e ir al estado 90
    CADENA  desplazar e ir al estado 22

    ident_array    ir al estado 150
    identificador  ir al estado 93


Estado 143

   16 cabe2: lista_parametros FIN_EXPR $@7 .

    $default  reduce usando la regla 16 (cabe2)


Estado 144

   84 lista_parametros: lista_parametros COMA TIPO_BASICO . ident_array

    error   desplazar e ir al estado 90
    CADENA  desplazar e ir al estado 22

    ident_array    ir al estado 151
    identificador  ir al estado 93


Estado 145

   43 sentencia_if: SI INI_EXPR expresion FIN_EXPR sentencia SI_NO . sentencia

    error       desplazar e ir al estado 26
    INI_BLOQUE  desplazar e ir al estado 5
    CADENA      desplazar e ir al estado 22
    SI          desplazar e ir al estado 27
    RETORNO     desplazar e ir al estado 28
    ENTRADA     desplazar e ir al estado 29
    SALIDA      desplazar e ir al estado 30
    HACER       desplazar e ir al estado 31

    bloque              ir al estado 32
    sentencia           ir al estado 152
    sentencia_asig      ir al estado 34
    sentencia_if        ir al estado 35
    sentencia_do_until  ir al estado 36
    sentencia_entrada   ir al estado 37
    sentencia_salida    ir al estado 38
    sentencia_return    ir al estado 39
    array_ident         ir al estado 40
    identificador       ir al estado 41


Estado 146

   90 lista_expr: lista_expr COMA expresion $@19 .

    $default  reduce usando la regla 90 (lista_expr)


Estado 147

   78 ident_array: identificador INI_TAM num FIN_TAM .
   79            | identificador INI_TAM num FIN_TAM . INI_TAM num FIN_TAM

    INI_TAM  desplazar e ir al estado 153

    $default  reduce usando la regla 78 (ident_array)


Estado 148

   44 sentencia_do_until: HACER bloque HASTA INI_EXPR expresion FIN_EXPR .

    $default  reduce usando la regla 44 (sentencia_do_until)


Estado 149

   83 array_ident: identificador INI_TAM lista_expr FIN_TAM INI_TAM lista_expr . FIN_TAM
   90 lista_expr: lista_expr . COMA expresion $@19

    FIN_TAM  desplazar e ir al estado 154
    COMA     desplazar e ir al estado 107


Estado 150

   86 lista_parametros: lista_parametros error TIPO_BASICO ident_array .

    $default  reduce usando la regla 86 (lista_parametros)


Estado 151

   84 lista_parametros: lista_parametros COMA TIPO_BASICO ident_array .

    $default  reduce usando la regla 84 (lista_parametros)


Estado 152

   43 sentencia_if: SI INI_EXPR expresion FIN_EXPR sentencia SI_NO sentencia .

    $default  reduce usando la regla 43 (sentencia_if)


Estado 153

   79 ident_array: identificador INI_TAM num FIN_TAM INI_TAM . num FIN_TAM

    CTE_ENTERA  desplazar e ir al estado 135

    num  ir al estado 155


Estado 154

   83 array_ident: identificador INI_TAM lista_expr FIN_TAM INI_TAM lista_expr FIN_TAM .

    $default  reduce usando la regla 83 (array_ident)


Estado 155

   79 ident_array: identificador INI_TAM num FIN_TAM INI_TAM num . FIN_TAM

    FIN_TAM  desplazar e ir al estado 156


Estado 156

   79 ident_array: identificador INI_TAM num FIN_TAM INI_TAM num FIN_TAM .

    $default  reduce usando la regla 79 (ident_array)
